<?xml version="1.0" encoding="UTF-8"?>
<!-- Generated by org.testng.reporters.JUnitReportReporter -->
<testsuite hostname="WKWZTP9hkzSNER5" failures="0" tests="1" name="authvalidation.CourseDetails" time="6.108" errors="0" timestamp="2025-05-06T22:43:37 IST" skipped="0">
  <testcase classname="authvalidation.CourseDetails" name="getCourse" time="6.108"/>
</testsuite> <!-- authvalidation.CourseDetails -->
